<?xml version="1.0" encoding="UTF-8"?>
<testng-results skipped="0" failed="0" ignored="0" total="1" passed="1">
  <reporter-output>
    <line>
      <![CDATA[Test is Start:com.arun.LocalProject.TestScript.QuickCreatePage.TC_001_QuickCreateQrganization]]>
    </line>
    <line>
      <![CDATA[**********Starting-TC_001_QuickCreateQrganization**********]]>
    </line>
    <line>
      <![CDATA[Entered UserName=admin]]>
    </line>
    <line>
      <![CDATA[Entered Password=password]]>
    </line>
    <line>
      <![CDATA[Clicked in Login Button]]>
    </line>
    <line>
      <![CDATA[Clicked on the HomePage button]]>
    </line>
    <line>
      <![CDATA[Locator : [[ChromeDriver: chrome on XP (a002263cc088da4d8a6c16024cc9ddfe)] -> xpath: //select[@id='qccombo']] value : Accounts]]>
    </line>
    <line>
      <![CDATA[Selected the QuickCreateOptions=Accounts]]>
    </line>
    <line>
      <![CDATA[Enter the Organization name=ABC]]>
    </line>
    <line>
      <![CDATA[Enter the phone=9999]]>
    </line>
    <line>
      <![CDATA[Enter the website=www.naresh.com]]>
    </line>
    <line>
      <![CDATA[Clicked the Save Button]]>
    </line>
    <line>
      <![CDATA[***********Ending-TC_001_QuickCreateQrganization************]]>
    </line>
    <line>
      <![CDATA[Test is Success:com.arun.LocalProject.TestScript.QuickCreatePage.TC_001_QuickCreateQrganization]]>
    </line>
    <line>
      <![CDATA[<a href='C:\Users\arun.dhanasekaran\eclipse-workspace\LocalProject\src\main\java\com\arun\LocalProject\ScreenShot\com.arun.LocalProject.TestScript.QuickCreatePage.TC_001_QuickCreateQrganization_21_08_2019_04_48_38.png'> <img src='C:\Users\arun.dhanasekaran\eclipse-workspace\LocalProject\src\main\java\com\arun\LocalProject\ScreenShot\com.arun.LocalProject.TestScript.QuickCreatePage.TC_001_QuickCreateQrganization_21_08_2019_04_48_38.png' height='100' width='100'/> </a>]]>
    </line>
  </reporter-output>
  <suite name="My Retrying suite" duration-ms="17846" started-at="2019-08-21T11:18:21Z" finished-at="2019-08-21T11:18:39Z">
    <groups>
    </groups>
    <test name="RetryingTest" duration-ms="17846" started-at="2019-08-21T11:18:21Z" finished-at="2019-08-21T11:18:39Z">
      <class name="com.arun.LocalProject.TestScript.QuickCreatePage.TC_001_QuickCreateQrganization">
        <test-method status="PASS" signature="getUrl()[pri:0, instance:com.arun.LocalProject.TestScript.QuickCreatePage.TC_001_QuickCreateQrganization@de3a06f]" name="getUrl" is-config="true" duration-ms="5386" started-at="2019-08-21T11:18:21Z" finished-at="2019-08-21T11:18:27Z">
          <reporter-output>
          </reporter-output>
        </test-method> <!-- getUrl -->
        <test-method status="PASS" signature="quickCreateQrganization()[pri:0, instance:com.arun.LocalProject.TestScript.QuickCreatePage.TC_001_QuickCreateQrganization@de3a06f]" name="quickCreateQrganization" duration-ms="11202" started-at="2019-08-21T11:18:27Z" finished-at="2019-08-21T11:18:38Z">
          <reporter-output>
            <line>
              <![CDATA[Test is Start:com.arun.LocalProject.TestScript.QuickCreatePage.TC_001_QuickCreateQrganization]]>
            </line>
            <line>
              <![CDATA[**********Starting-TC_001_QuickCreateQrganization**********]]>
            </line>
            <line>
              <![CDATA[Entered UserName=admin]]>
            </line>
            <line>
              <![CDATA[Entered Password=password]]>
            </line>
            <line>
              <![CDATA[Clicked in Login Button]]>
            </line>
            <line>
              <![CDATA[Clicked on the HomePage button]]>
            </line>
            <line>
              <![CDATA[Locator : [[ChromeDriver: chrome on XP (a002263cc088da4d8a6c16024cc9ddfe)] -> xpath: //select[@id='qccombo']] value : Accounts]]>
            </line>
            <line>
              <![CDATA[Selected the QuickCreateOptions=Accounts]]>
            </line>
            <line>
              <![CDATA[Enter the Organization name=ABC]]>
            </line>
            <line>
              <![CDATA[Enter the phone=9999]]>
            </line>
            <line>
              <![CDATA[Enter the website=www.naresh.com]]>
            </line>
            <line>
              <![CDATA[Clicked the Save Button]]>
            </line>
            <line>
              <![CDATA[***********Ending-TC_001_QuickCreateQrganization************]]>
            </line>
            <line>
              <![CDATA[Test is Success:com.arun.LocalProject.TestScript.QuickCreatePage.TC_001_QuickCreateQrganization]]>
            </line>
            <line>
              <![CDATA[<a href='C:\Users\arun.dhanasekaran\eclipse-workspace\LocalProject\src\main\java\com\arun\LocalProject\ScreenShot\com.arun.LocalProject.TestScript.QuickCreatePage.TC_001_QuickCreateQrganization_21_08_2019_04_48_38.png'> <img src='C:\Users\arun.dhanasekaran\eclipse-workspace\LocalProject\src\main\java\com\arun\LocalProject\ScreenShot\com.arun.LocalProject.TestScript.QuickCreatePage.TC_001_QuickCreateQrganization_21_08_2019_04_48_38.png' height='100' width='100'/> </a>]]>
            </line>
          </reporter-output>
        </test-method> <!-- quickCreateQrganization -->
        <test-method status="PASS" signature="closingBrowser()[pri:0, instance:com.arun.LocalProject.TestScript.QuickCreatePage.TC_001_QuickCreateQrganization@de3a06f]" name="closingBrowser" is-config="true" duration-ms="815" started-at="2019-08-21T11:18:38Z" finished-at="2019-08-21T11:18:39Z">
          <reporter-output>
          </reporter-output>
        </test-method> <!-- closingBrowser -->
      </class> <!-- com.arun.LocalProject.TestScript.QuickCreatePage.TC_001_QuickCreateQrganization -->
    </test> <!-- RetryingTest -->
  </suite> <!-- My Retrying suite -->
</testng-results>
